\BOOKMARK [2][-]{subsection.0.1}{Produkt\374bersicht}{}% 1
\BOOKMARK [2][-]{subsection.0.2}{Musskriterien}{}% 2
\BOOKMARK [2][-]{subsection.0.3}{Wunschkriterien}{}% 3
\BOOKMARK [2][-]{subsection.0.4}{Abgrenzungskriterien}{}% 4
\BOOKMARK [2][-]{subsection.0.5}{Zielgruppen}{}% 5
\BOOKMARK [2][-]{subsection.0.6}{Betriebsbedingungen}{}% 6
\BOOKMARK [2][-]{subsection.0.7}{Produktumgebung}{}% 7
\BOOKMARK [2][-]{subsection.0.8}{Seitenentw\374rfe}{}% 8
\BOOKMARK [2][-]{subsection.0.9}{Hauptseite}{}% 9
\BOOKMARK [2][-]{subsection.0.10}{Thing erstellen}{}% 10
\BOOKMARK [2][-]{subsection.0.11}{Datastream erstellen}{}% 11
\BOOKMARK [2][-]{subsection.0.12}{Sensor, ObservedProperty oder Location erstellen}{}% 12
\BOOKMARK [2][-]{subsection.0.13}{Erforderliche Funktionale Anforderungen}{}% 13
\BOOKMARK [2][-]{subsection.0.14}{Gew\374nschte Funktionale Anforderungen}{}% 14
\BOOKMARK [2][-]{subsection.0.15}{Produktdaten}{}% 15
\BOOKMARK [2][-]{subsection.0.16}{Produktleistungen}{}% 16
\BOOKMARK [2][-]{subsection.0.17}{Qualit\344tsanforderungen}{}% 17
\BOOKMARK [2][-]{subsection.0.18}{Anwendungsszenarien}{}% 18
\BOOKMARK [2][-]{subsection.0.19}{Testf\344lle}{}% 19
\BOOKMARK [2][-]{subsection.0.20}{Zeitplanung}{}% 20
\BOOKMARK [2][-]{subsection.0.21}{Glossar}{}% 21
\BOOKMARK [2][-]{subsection.0.22}{Anhang}{}% 22
