This is pdfTeX, Version 3.14159265-2.6-1.40.19 (TeX Live 2018) (preloaded format=pdflatex 2018.5.16)  16 MAY 2018 14:06
entering extended mode
 restricted \write18 enabled.
 %&-line parsing enabled.
**pflichtenheft.tex
(./pflichtenheft.tex
LaTeX2e <2018-04-01> patch level 2
Babel <3.18> and hyphenation patterns for 84 language(s) loaded.
(/usr/local/texlive/2018/texmf-dist/tex/latex/base/article.cls
Document Class: article 2014/09/29 v1.4h Standard LaTeX document class
(/usr/local/texlive/2018/texmf-dist/tex/latex/base/size12.clo
File: size12.clo 2014/09/29 v1.4h Standard LaTeX file (size option)
)
\c@part=\count80
\c@section=\count81
\c@subsection=\count82
\c@subsubsection=\count83
\c@paragraph=\count84
\c@subparagraph=\count85
\c@figure=\count86
\c@table=\count87
\abovecaptionskip=\skip41
\belowcaptionskip=\skip42
\bibindent=\dimen102
)
(/usr/local/texlive/2018/texmf-dist/tex/generic/babel/babel.sty
Package: babel 2018/02/14 3.18 The Babel package

(/usr/local/texlive/2018/texmf-dist/tex/generic/babel/switch.def
File: switch.def 2018/02/14 3.18 Babel switching mechanism
)
(/usr/local/texlive/2018/texmf-dist/tex/generic/babel-german/ngerman.ldf
Language: ngerman 2018/03/29 v2.10 German support for babel (post-1996 orthogra
phy)

(/usr/local/texlive/2018/texmf-dist/tex/generic/babel-german/ngermanb.ldf
Language: ngermanb 2018/03/29 v2.10 German support for babel (post-1996 orthogr
aphy)

(/usr/local/texlive/2018/texmf-dist/tex/generic/babel/babel.def
File: babel.def 2018/02/14 3.18 Babel common definitions
\babel@savecnt=\count88
\U@D=\dimen103

(/usr/local/texlive/2018/texmf-dist/tex/generic/babel/txtbabel.def)
\bbl@dirlevel=\count89
)
Package babel Info: Making " an active character on input line 121.
)))
(/usr/local/texlive/2018/texmf-dist/tex/latex/base/inputenc.sty
Package: inputenc 2018/04/06 v1.3b Input encoding file
\inpenc@prehook=\toks14
\inpenc@posthook=\toks15
)
(./pflichtenheft.aux)
\openout1 = `pflichtenheft.aux'.

LaTeX Font Info:    Checking defaults for OML/cmm/m/it on input line 6.
LaTeX Font Info:    ... okay on input line 6.
LaTeX Font Info:    Checking defaults for T1/cmr/m/n on input line 6.
LaTeX Font Info:    ... okay on input line 6.
LaTeX Font Info:    Checking defaults for OT1/cmr/m/n on input line 6.
LaTeX Font Info:    ... okay on input line 6.
LaTeX Font Info:    Checking defaults for OMS/cmsy/m/n on input line 6.
LaTeX Font Info:    ... okay on input line 6.
LaTeX Font Info:    Checking defaults for OMX/cmex/m/n on input line 6.
LaTeX Font Info:    ... okay on input line 6.
LaTeX Font Info:    Checking defaults for U/cmr/m/n on input line 6.
LaTeX Font Info:    ... okay on input line 6.

Overfull \hbox (3.18207pt too wide) in paragraph at lines 11--13
\OT1/cmr/m/n/12 un-ter https://github.com/FraunhoferIOSB/FROST-Server dow-n-loa
d-bar. Der
 []


Underfull \hbox (badness 10000) in paragraph at lines 11--13

 []

[1

{/usr/local/texlive/2018/texmf-var/fonts/map/pdftex/updmap/pdftex.map}]
[2]
LaTeX Font Info:    Try loading font information for OMS+cmr on input line 72.
 (/usr/local/texlive/2018/texmf-dist/tex/latex/base/omscmr.fd
File: omscmr.fd 2014/09/29 v2.5h Standard LaTeX font definitions
)
LaTeX Font Info:    Font shape `OMS/cmr/m/n' in size <12> not available
(Font)              Font shape `OMS/cmsy/m/n' tried instead on input line 72.
 [3]
Underfull \hbox (badness 10000) in paragraph at lines 83--88

 []


Overfull \hbox (7.92505pt too wide) in paragraph at lines 107--108
\OT1/cmr/m/n/12 Die Soft-wa-re soll platt-for-mu-n-abh[]angig auf ei-nem Ser-ve
r mit mi-ni-ma-ler Rechen-
 []

[4] [5] [6]
Overfull \hbox (4.39175pt too wide) in paragraph at lines 143--144
[]\OT1/cmr/m/n/12 Konfiguration durch-su-chen/laden: Durch Klick auf "Durch-su-
chen"[]offnet
 []


Overfull \hbox (48.3427pt too wide) in paragraph at lines 143--144
\OT1/cmr/m/n/12 sich der Datei-ausw[]ahlen-Systemdialog in dem man die CFG-Konf
igurationsdatei
 []

[7] [8] [9]
Overfull \hbox (1.55846pt too wide) in paragraph at lines 191--195
\OT1/cmr/m/n/12 Die Soft-wa-re ist Open-Source und ben[]otigt einen er-reich-ba
-ren FROST-Server.
 []


Overfull \hbox (9.78752pt too wide) in paragraph at lines 208--212
\OT1/cmr/m/n/12 verl[]assig aus-gef[]uhrt wer-den k[]onnen, so-lan-ge die Pro-d
uk-tum-ge-bung dies zul[]asst.
 []


Overfull \hbox (35.04143pt too wide) in paragraph at lines 213--214
[]\OT1/cmr/m/n/12 (In die-sem Ka-pi-tel wird den Qua-lit[]atsmerkmalen Funk-tio
-na-lit[]at, Zu-verl[]assigkeit,
 []

[10]
Underfull \hbox (badness 10000) in paragraph at lines 246--247

 []

[11] [12] [13]
Overfull \hbox (39.10541pt too wide) in paragraph at lines 293--295
\OT1/cmr/m/n/12 Als READ-ME (deutsch: Lies-mich) wird ei-ne Da-tei be-zeich-net
, die []ublicherweise
 []


Overfull \hbox (1.9672pt too wide) in paragraph at lines 295--298
\OT1/cmr/bx/n/12 Reg\OT1/cmr/m/n/12 ular \OT1/cmr/bx/n/12 Ex\OT1/cmr/m/n/12 pre
ssions (Reg-ex, re-gul[]arer Aus-dru-cke) die-nen der Be-schrei-
 []


Overfull \hbox (14.51303pt too wide) in paragraph at lines 298--301
\OT1/cmr/bx/n/12 H\OT1/cmr/m/n/12 yper\OT1/cmr/bx/n/12 T\OT1/cmr/m/n/12 ext \OT
1/cmr/bx/n/12 T\OT1/cmr/m/n/12 ransfer \OT1/cmr/bx/n/12 P\OT1/cmr/m/n/12 rotoco
l \OT1/cmr/bx/n/12 S\OT1/cmr/m/n/12 ecure (HTT-PS) ist ein si-che-res Hypertext
-
 []

[14] [15] (./pflichtenheft.aux) ) 
Here is how much of TeX's memory you used:
 832 strings out of 492649
 11006 string characters out of 6129622
 81757 words of memory out of 5000000
 4772 multiletter control sequences out of 15000+600000
 5107 words of font info for 19 fonts, out of 8000000 for 9000
 1141 hyphenation exceptions out of 8191
 25i,4n,23p,653b,200s stack positions out of 5000i,500n,10000p,200000b,80000s
</usr/local/texlive/2018/texmf-dist/fonts/type
1/public/amsfonts/cm/cmbx12.pfb></usr/local/texlive/2018/texmf-dist/fonts/type1
/public/amsfonts/cm/cmr12.pfb></usr/local/texlive/2018/texmf-dist/fonts/type1/p
ublic/amsfonts/cm/cmsy10.pfb>
Output written on pflichtenheft.pdf (15 pages, 72649 bytes).
PDF statistics:
 65 PDF objects out of 1000 (max. 8388607)
 44 compressed objects within 1 object stream
 0 named destinations out of 1000 (max. 500000)
 1 words of extra memory for PDF output out of 10000 (max. 10000000)

